09:18:18.502;Internal error server;Error: Internal error server
    at Object.modifyOneEvent (/Users/nicolascorroyez/Documents/ProjetP/meit/app/model/user.js:571:15)
    at process.processTicksAndRejections (node:internal/process/task_queues:95:5)
    at async modifyOneEvent (/Users/nicolascorroyez/Documents/ProjetP/meit/app/controller/user.js:399:33)
09:19:05.317;Internal error server;Error: Internal error server
    at Object.modifyOneEvent (/Users/nicolascorroyez/Documents/ProjetP/meit/app/model/user.js:571:15)
    at process.processTicksAndRejections (node:internal/process/task_queues:95:5)
    at async modifyOneEvent (/Users/nicolascorroyez/Documents/ProjetP/meit/app/controller/user.js:399:33)
09:24:22.825;Internal error server;Error: Internal error server
    at Object.modifyOneEvent (/Users/nicolascorroyez/Documents/ProjetP/meit/app/model/user.js:571:15)
    at process.processTicksAndRejections (node:internal/process/task_queues:95:5)
    at async modifyOneEvent (/Users/nicolascorroyez/Documents/ProjetP/meit/app/controller/user.js:399:33)
09:25:23.120;Internal error server;Error: Internal error server
    at Object.modifyOneEvent (/Users/nicolascorroyez/Documents/ProjetP/meit/app/model/user.js:571:15)
    at process.processTicksAndRejections (node:internal/process/task_queues:95:5)
    at async modifyOneEvent (/Users/nicolascorroyez/Documents/ProjetP/meit/app/controller/user.js:399:33)
09:25:54.524;Internal error server;Error: Internal error server
    at Object.modifyOneEvent (/Users/nicolascorroyez/Documents/ProjetP/meit/app/model/user.js:571:15)
    at process.processTicksAndRejections (node:internal/process/task_queues:95:5)
    at async modifyOneEvent (/Users/nicolascorroyez/Documents/ProjetP/meit/app/controller/user.js:399:33)
09:27:15.513;Acces denied;Error: Acces denied
    at modifyOneEvent (/Users/nicolascorroyez/Documents/ProjetP/meit/app/controller/user.js:409:19)
    at Layer.handle [as handle_request] (/Users/nicolascorroyez/Documents/ProjetP/meit/node_modules/express/lib/router/layer.js:95:5)
    at next (/Users/nicolascorroyez/Documents/ProjetP/meit/node_modules/express/lib/router/route.js:144:13)
    at Route.dispatch (/Users/nicolascorroyez/Documents/ProjetP/meit/node_modules/express/lib/router/route.js:114:3)
    at Layer.handle [as handle_request] (/Users/nicolascorroyez/Documents/ProjetP/meit/node_modules/express/lib/router/layer.js:95:5)
    at /Users/nicolascorroyez/Documents/ProjetP/meit/node_modules/express/lib/router/index.js:284:15
    at param (/Users/nicolascorroyez/Documents/ProjetP/meit/node_modules/express/lib/router/index.js:365:14)
    at param (/Users/nicolascorroyez/Documents/ProjetP/meit/node_modules/express/lib/router/index.js:376:14)
    at param (/Users/nicolascorroyez/Documents/ProjetP/meit/node_modules/express/lib/router/index.js:376:14)
    at Function.process_params (/Users/nicolascorroyez/Documents/ProjetP/meit/node_modules/express/lib/router/index.js:421:3)
09:28:17.519;Acces denied;Error: Acces denied
    at modifyOneEvent (/Users/nicolascorroyez/Documents/ProjetP/meit/app/controller/user.js:409:19)
    at Layer.handle [as handle_request] (/Users/nicolascorroyez/Documents/ProjetP/meit/node_modules/express/lib/router/layer.js:95:5)
    at next (/Users/nicolascorroyez/Documents/ProjetP/meit/node_modules/express/lib/router/route.js:144:13)
    at Route.dispatch (/Users/nicolascorroyez/Documents/ProjetP/meit/node_modules/express/lib/router/route.js:114:3)
    at Layer.handle [as handle_request] (/Users/nicolascorroyez/Documents/ProjetP/meit/node_modules/express/lib/router/layer.js:95:5)
    at /Users/nicolascorroyez/Documents/ProjetP/meit/node_modules/express/lib/router/index.js:284:15
    at param (/Users/nicolascorroyez/Documents/ProjetP/meit/node_modules/express/lib/router/index.js:365:14)
    at param (/Users/nicolascorroyez/Documents/ProjetP/meit/node_modules/express/lib/router/index.js:376:14)
    at param (/Users/nicolascorroyez/Documents/ProjetP/meit/node_modules/express/lib/router/index.js:376:14)
    at Function.process_params (/Users/nicolascorroyez/Documents/ProjetP/meit/node_modules/express/lib/router/index.js:421:3)
09:28:40.018;Internal error server;Error: Internal error server
    at Object.modifyOneEvent (/Users/nicolascorroyez/Documents/ProjetP/meit/app/model/user.js:571:15)
    at process.processTicksAndRejections (node:internal/process/task_queues:95:5)
    at async modifyOneEvent (/Users/nicolascorroyez/Documents/ProjetP/meit/app/controller/user.js:399:33)
09:31:58.344;Internal error server;Error: Internal error server
    at Object.modifyOneEvent (/Users/nicolascorroyez/Documents/ProjetP/meit/app/model/user.js:571:15)
    at process.processTicksAndRejections (node:internal/process/task_queues:95:5)
    at async modifyOneEvent (/Users/nicolascorroyez/Documents/ProjetP/meit/app/controller/user.js:399:33)
09:33:57.790;Internal error server;Error: Internal error server
    at Object.modifyOneEvent (/Users/nicolascorroyez/Documents/ProjetP/meit/app/model/user.js:571:15)
    at process.processTicksAndRejections (node:internal/process/task_queues:95:5)
    at async modifyOneEvent (/Users/nicolascorroyez/Documents/ProjetP/meit/app/controller/user.js:399:33)
09:35:07.430;Internal error server;Error: Internal error server
    at Object.modifyOneEvent (/Users/nicolascorroyez/Documents/ProjetP/meit/app/model/user.js:571:15)
    at process.processTicksAndRejections (node:internal/process/task_queues:95:5)
    at async modifyOneEvent (/Users/nicolascorroyez/Documents/ProjetP/meit/app/controller/user.js:399:33)
09:35:11.000;Internal error server;Error: Internal error server
    at Object.modifyOneEvent (/Users/nicolascorroyez/Documents/ProjetP/meit/app/model/user.js:571:15)
    at process.processTicksAndRejections (node:internal/process/task_queues:95:5)
    at async modifyOneEvent (/Users/nicolascorroyez/Documents/ProjetP/meit/app/controller/user.js:399:33)
09:35:19.203;Internal error server;Error: Internal error server
    at Object.modifyOneEvent (/Users/nicolascorroyez/Documents/ProjetP/meit/app/model/user.js:571:15)
    at process.processTicksAndRejections (node:internal/process/task_queues:95:5)
    at async modifyOneEvent (/Users/nicolascorroyez/Documents/ProjetP/meit/app/controller/user.js:399:33)
09:37:50.019;Internal error server;Error: Internal error server
    at Object.modifyOneEvent (/Users/nicolascorroyez/Documents/ProjetP/meit/app/model/user.js:571:15)
    at process.processTicksAndRejections (node:internal/process/task_queues:95:5)
    at async modifyOneEvent (/Users/nicolascorroyez/Documents/ProjetP/meit/app/controller/user.js:399:33)
09:41:51.767;Internal error server;Error: Internal error server
    at Object.modifyOneEvent (/Users/nicolascorroyez/Documents/ProjetP/meit/app/model/user.js:571:15)
    at process.processTicksAndRejections (node:internal/process/task_queues:95:5)
    at async modifyOneEvent (/Users/nicolascorroyez/Documents/ProjetP/meit/app/controller/user.js:399:33)
10:00:06.645;Internal error server;Error: Internal error server
    at Object.modifyOneEvent (/Users/nicolascorroyez/Documents/ProjetP/meit/app/model/user.js:571:15)
    at process.processTicksAndRejections (node:internal/process/task_queues:95:5)
    at async modifyOneEvent (/Users/nicolascorroyez/Documents/ProjetP/meit/app/controller/user.js:399:33)
10:02:36.656;Internal error server;Error: Internal error server
    at Object.modifyOneEvent (/Users/nicolascorroyez/Documents/ProjetP/meit/app/model/user.js:571:15)
    at process.processTicksAndRejections (node:internal/process/task_queues:95:5)
    at async modifyOneEvent (/Users/nicolascorroyez/Documents/ProjetP/meit/app/controller/user.js:399:33)
10:03:07.788;Internal error server;Error: Internal error server
    at Object.modifyOneEvent (/Users/nicolascorroyez/Documents/ProjetP/meit/app/model/user.js:571:15)
    at process.processTicksAndRejections (node:internal/process/task_queues:95:5)
    at async modifyOneEvent (/Users/nicolascorroyez/Documents/ProjetP/meit/app/controller/user.js:399:33)
10:08:51.786;Internal error server;Error: Internal error server
    at Object.modifyOneEvent (/Users/nicolascorroyez/Documents/ProjetP/meit/app/model/user.js:571:15)
    at process.processTicksAndRejections (node:internal/process/task_queues:95:5)
    at async modifyOneEvent (/Users/nicolascorroyez/Documents/ProjetP/meit/app/controller/user.js:399:33)
10:09:02.230;Internal error server;Error: Internal error server
    at Object.modifyOneEvent (/Users/nicolascorroyez/Documents/ProjetP/meit/app/model/user.js:571:15)
    at process.processTicksAndRejections (node:internal/process/task_queues:95:5)
    at async modifyOneEvent (/Users/nicolascorroyez/Documents/ProjetP/meit/app/controller/user.js:399:33)
10:09:58.523;Internal error server;Error: Internal error server
    at Object.modifyOneEvent (/Users/nicolascorroyez/Documents/ProjetP/meit/app/model/user.js:571:15)
    at process.processTicksAndRejections (node:internal/process/task_queues:95:5)
    at async modifyOneEvent (/Users/nicolascorroyez/Documents/ProjetP/meit/app/controller/user.js:399:33)
10:11:05.569;Internal error server;Error: Internal error server
    at Object.modifyOneEvent (/Users/nicolascorroyez/Documents/ProjetP/meit/app/model/user.js:571:15)
    at process.processTicksAndRejections (node:internal/process/task_queues:95:5)
    at async modifyOneEvent (/Users/nicolascorroyez/Documents/ProjetP/meit/app/controller/user.js:399:33)
10:14:35.534;Internal error server;Error: Internal error server
    at Object.modifyOneEvent (/Users/nicolascorroyez/Documents/ProjetP/meit/app/model/user.js:571:15)
    at process.processTicksAndRejections (node:internal/process/task_queues:95:5)
    at async modifyOneEvent (/Users/nicolascorroyez/Documents/ProjetP/meit/app/controller/user.js:399:33)
10:14:40.612;Internal error server;Error: Internal error server
    at Object.modifyOneEvent (/Users/nicolascorroyez/Documents/ProjetP/meit/app/model/user.js:571:15)
    at process.processTicksAndRejections (node:internal/process/task_queues:95:5)
    at async modifyOneEvent (/Users/nicolascorroyez/Documents/ProjetP/meit/app/controller/user.js:399:33)
10:15:05.380;Internal error server;Error: Internal error server
    at Object.modifyOneEvent (/Users/nicolascorroyez/Documents/ProjetP/meit/app/model/user.js:571:15)
    at process.processTicksAndRejections (node:internal/process/task_queues:95:5)
    at async modifyOneEvent (/Users/nicolascorroyez/Documents/ProjetP/meit/app/controller/user.js:399:33)
10:16:31.866;Internal error server;Error: Internal error server
    at Object.modifyOneEvent (/Users/nicolascorroyez/Documents/ProjetP/meit/app/model/user.js:571:15)
    at process.processTicksAndRejections (node:internal/process/task_queues:95:5)
    at async modifyOneEvent (/Users/nicolascorroyez/Documents/ProjetP/meit/app/controller/user.js:399:33)
10:17:01.013;Internal error server;Error: Internal error server
    at Object.modifyOneEvent (/Users/nicolascorroyez/Documents/ProjetP/meit/app/model/user.js:571:15)
    at process.processTicksAndRejections (node:internal/process/task_queues:95:5)
    at async modifyOneEvent (/Users/nicolascorroyez/Documents/ProjetP/meit/app/controller/user.js:399:33)
10:17:19.703;Internal error server;Error: Internal error server
    at Object.modifyOneEvent (/Users/nicolascorroyez/Documents/ProjetP/meit/app/model/user.js:571:15)
    at process.processTicksAndRejections (node:internal/process/task_queues:95:5)
    at async modifyOneEvent (/Users/nicolascorroyez/Documents/ProjetP/meit/app/controller/user.js:399:33)
10:19:51.158;Internal error server;Error: Internal error server
    at Object.modifyOneEvent (/Users/nicolascorroyez/Documents/ProjetP/meit/app/model/user.js:571:15)
    at process.processTicksAndRejections (node:internal/process/task_queues:95:5)
    at async modifyOneEvent (/Users/nicolascorroyez/Documents/ProjetP/meit/app/controller/user.js:399:33)
10:20:31.352;Internal error server;Error: Internal error server
    at Object.modifyOneEvent (/Users/nicolascorroyez/Documents/ProjetP/meit/app/model/user.js:571:15)
    at process.processTicksAndRejections (node:internal/process/task_queues:95:5)
    at async modifyOneEvent (/Users/nicolascorroyez/Documents/ProjetP/meit/app/controller/user.js:399:33)
10:22:34.129;Internal error server;Error: Internal error server
    at Object.modifyOneEvent (/Users/nicolascorroyez/Documents/ProjetP/meit/app/model/user.js:571:15)
    at process.processTicksAndRejections (node:internal/process/task_queues:95:5)
    at async modifyOneEvent (/Users/nicolascorroyez/Documents/ProjetP/meit/app/controller/user.js:399:33)
10:26:45.470;Internal error server;Error: Internal error server
    at Object.modifyOneEvent (/Users/nicolascorroyez/Documents/ProjetP/meit/app/model/user.js:571:15)
    at process.processTicksAndRejections (node:internal/process/task_queues:95:5)
    at async modifyOneEvent (/Users/nicolascorroyez/Documents/ProjetP/meit/app/controller/user.js:399:33)
10:38:29.373;Internal error server;Error: Internal error server
    at Object.modifyOneEvent (/Users/nicolascorroyez/Documents/ProjetP/meit/app/model/user.js:571:15)
    at process.processTicksAndRejections (node:internal/process/task_queues:95:5)
    at async modifyOneEvent (/Users/nicolascorroyez/Documents/ProjetP/meit/app/controller/user.js:399:33)
10:40:06.090;Internal error server;Error: Internal error server
    at Object.modifyOneEvent (/Users/nicolascorroyez/Documents/ProjetP/meit/app/model/user.js:571:15)
    at process.processTicksAndRejections (node:internal/process/task_queues:95:5)
    at async modifyOneEvent (/Users/nicolascorroyez/Documents/ProjetP/meit/app/controller/user.js:399:33)
10:40:06.768;Internal error server;Error: Internal error server
    at Object.modifyOneEvent (/Users/nicolascorroyez/Documents/ProjetP/meit/app/model/user.js:571:15)
    at process.processTicksAndRejections (node:internal/process/task_queues:95:5)
    at async modifyOneEvent (/Users/nicolascorroyez/Documents/ProjetP/meit/app/controller/user.js:399:33)
10:42:02.787;Internal error server;Error: Internal error server
    at Object.modifyOneEvent (/Users/nicolascorroyez/Documents/ProjetP/meit/app/model/user.js:571:15)
    at process.processTicksAndRejections (node:internal/process/task_queues:95:5)
    at async modifyOneEvent (/Users/nicolascorroyez/Documents/ProjetP/meit/app/controller/user.js:399:33)
10:45:04.397;Internal error server;Error: Internal error server
    at Object.modifyOneEvent (/Users/nicolascorroyez/Documents/ProjetP/meit/app/model/user.js:571:15)
    at process.processTicksAndRejections (node:internal/process/task_queues:95:5)
    at async modifyOneEvent (/Users/nicolascorroyez/Documents/ProjetP/meit/app/controller/user.js:399:33)
10:45:10.329;Internal error server;Error: Internal error server
    at Object.modifyOneEvent (/Users/nicolascorroyez/Documents/ProjetP/meit/app/model/user.js:571:15)
    at process.processTicksAndRejections (node:internal/process/task_queues:95:5)
    at async modifyOneEvent (/Users/nicolascorroyez/Documents/ProjetP/meit/app/controller/user.js:399:33)
10:46:15.867;Internal error server;Error: Internal error server
    at Object.modifyOneEvent (/Users/nicolascorroyez/Documents/ProjetP/meit/app/model/user.js:571:15)
    at process.processTicksAndRejections (node:internal/process/task_queues:95:5)
    at async modifyOneEvent (/Users/nicolascorroyez/Documents/ProjetP/meit/app/controller/user.js:399:33)
10:50:27.289;Internal error server;Error: Internal error server
    at Object.modifyOneEvent (/Users/nicolascorroyez/Documents/ProjetP/meit/app/model/user.js:571:15)
    at process.processTicksAndRejections (node:internal/process/task_queues:95:5)
    at async modifyOneEvent (/Users/nicolascorroyez/Documents/ProjetP/meit/app/controller/user.js:399:33)
11:09:00.308;Internal error server;Error: Internal error server
    at Object.modifyOneEvent (/Users/nicolascorroyez/Documents/ProjetP/meit/app/model/user.js:571:15)
    at process.processTicksAndRejections (node:internal/process/task_queues:95:5)
    at async modifyOneEvent (/Users/nicolascorroyez/Documents/ProjetP/meit/app/controller/user.js:399:33)
11:09:06.424;Internal error server;Error: Internal error server
    at Object.modifyOneEvent (/Users/nicolascorroyez/Documents/ProjetP/meit/app/model/user.js:571:15)
    at process.processTicksAndRejections (node:internal/process/task_queues:95:5)
    at async modifyOneEvent (/Users/nicolascorroyez/Documents/ProjetP/meit/app/controller/user.js:399:33)
11:09:14.024;Internal error server;Error: Internal error server
    at Object.modifyOneEvent (/Users/nicolascorroyez/Documents/ProjetP/meit/app/model/user.js:571:15)
    at process.processTicksAndRejections (node:internal/process/task_queues:95:5)
    at async modifyOneEvent (/Users/nicolascorroyez/Documents/ProjetP/meit/app/controller/user.js:399:33)
11:09:23.281;Internal error server;Error: Internal error server
    at Object.modifyOneEvent (/Users/nicolascorroyez/Documents/ProjetP/meit/app/model/user.js:571:15)
    at process.processTicksAndRejections (node:internal/process/task_queues:95:5)
    at async modifyOneEvent (/Users/nicolascorroyez/Documents/ProjetP/meit/app/controller/user.js:399:33)
11:11:09.247;Internal error server;Error: Internal error server
    at Object.modifyOneEvent (/Users/nicolascorroyez/Documents/ProjetP/meit/app/model/user.js:571:15)
    at process.processTicksAndRejections (node:internal/process/task_queues:95:5)
    at async modifyOneEvent (/Users/nicolascorroyez/Documents/ProjetP/meit/app/controller/user.js:399:33)
11:11:48.075;Internal error server;Error: Internal error server
    at Object.modifyOneEvent (/Users/nicolascorroyez/Documents/ProjetP/meit/app/model/user.js:571:15)
    at process.processTicksAndRejections (node:internal/process/task_queues:95:5)
    at async modifyOneEvent (/Users/nicolascorroyez/Documents/ProjetP/meit/app/controller/user.js:399:33)
11:12:35.326;Internal error server;Error: Internal error server
    at Object.modifyOneEvent (/Users/nicolascorroyez/Documents/ProjetP/meit/app/model/user.js:571:15)
    at process.processTicksAndRejections (node:internal/process/task_queues:95:5)
    at async modifyOneEvent (/Users/nicolascorroyez/Documents/ProjetP/meit/app/controller/user.js:399:33)
11:13:58.128;Internal error server;Error: Internal error server
    at Object.modifyOneEvent (/Users/nicolascorroyez/Documents/ProjetP/meit/app/model/user.js:571:15)
    at process.processTicksAndRejections (node:internal/process/task_queues:95:5)
    at async modifyOneEvent (/Users/nicolascorroyez/Documents/ProjetP/meit/app/controller/user.js:399:33)
11:17:11.287;Internal error server;Error: Internal error server
    at Object.modifyOneEvent (/Users/nicolascorroyez/Documents/ProjetP/meit/app/model/user.js:571:15)
    at process.processTicksAndRejections (node:internal/process/task_queues:95:5)
    at async modifyOneEvent (/Users/nicolascorroyez/Documents/ProjetP/meit/app/controller/user.js:399:33)
11:17:24.249;Internal error server;Error: Internal error server
    at Object.modifyOneEvent (/Users/nicolascorroyez/Documents/ProjetP/meit/app/model/user.js:571:15)
    at process.processTicksAndRejections (node:internal/process/task_queues:95:5)
    at async modifyOneEvent (/Users/nicolascorroyez/Documents/ProjetP/meit/app/controller/user.js:399:33)
11:21:15.608;Internal error server;Error: Internal error server
    at Object.modifyOneEvent (/Users/nicolascorroyez/Documents/ProjetP/meit/app/model/user.js:571:15)
    at process.processTicksAndRejections (node:internal/process/task_queues:95:5)
    at async modifyOneEvent (/Users/nicolascorroyez/Documents/ProjetP/meit/app/controller/user.js:399:33)
11:22:31.462;Internal error server;Error: Internal error server
    at Object.modifyOneEvent (/Users/nicolascorroyez/Documents/ProjetP/meit/app/model/user.js:571:15)
    at process.processTicksAndRejections (node:internal/process/task_queues:95:5)
    at async modifyOneEvent (/Users/nicolascorroyez/Documents/ProjetP/meit/app/controller/user.js:399:33)
11:24:30.807;Internal error server;Error: Internal error server
    at Object.modifyOneEvent (/Users/nicolascorroyez/Documents/ProjetP/meit/app/model/user.js:571:15)
    at process.processTicksAndRejections (node:internal/process/task_queues:95:5)
    at async modifyOneEvent (/Users/nicolascorroyez/Documents/ProjetP/meit/app/controller/user.js:399:33)
11:24:31.311;Internal error server;Error: Internal error server
    at Object.modifyOneEvent (/Users/nicolascorroyez/Documents/ProjetP/meit/app/model/user.js:571:15)
    at process.processTicksAndRejections (node:internal/process/task_queues:95:5)
    at async modifyOneEvent (/Users/nicolascorroyez/Documents/ProjetP/meit/app/controller/user.js:399:33)
11:24:31.460;Internal error server;Error: Internal error server
    at Object.modifyOneEvent (/Users/nicolascorroyez/Documents/ProjetP/meit/app/model/user.js:571:15)
    at process.processTicksAndRejections (node:internal/process/task_queues:95:5)
    at async modifyOneEvent (/Users/nicolascorroyez/Documents/ProjetP/meit/app/controller/user.js:399:33)
12:39:26.749;Internal error server;Error: Internal error server
    at Object.modifyOneEvent (/Users/nicolascorroyez/Documents/ProjetP/meit/app/model/user.js:571:15)
    at process.processTicksAndRejections (node:internal/process/task_queues:95:5)
    at async modifyOneEvent (/Users/nicolascorroyez/Documents/ProjetP/meit/app/controller/user.js:399:33)
12:44:10.549;Internal error server;Error: Internal error server
    at Object.modifyOneEvent (/Users/nicolascorroyez/Documents/ProjetP/meit/app/model/user.js:571:15)
    at process.processTicksAndRejections (node:internal/process/task_queues:95:5)
    at async modifyOneEvent (/Users/nicolascorroyez/Documents/ProjetP/meit/app/controller/user.js:399:33)
12:51:27.262;Internal error server;Error: Internal error server
    at Object.modifyOneEvent (/Users/nicolascorroyez/Documents/ProjetP/meit/app/model/user.js:571:15)
    at process.processTicksAndRejections (node:internal/process/task_queues:95:5)
    at async modifyOneEvent (/Users/nicolascorroyez/Documents/ProjetP/meit/app/controller/user.js:399:33)
12:51:59.035;Internal error server;Error: Internal error server
    at Object.modifyOneEvent (/Users/nicolascorroyez/Documents/ProjetP/meit/app/model/user.js:571:15)
    at process.processTicksAndRejections (node:internal/process/task_queues:95:5)
    at async modifyOneEvent (/Users/nicolascorroyez/Documents/ProjetP/meit/app/controller/user.js:399:33)
12:54:17.369;Internal error server;Error: Internal error server
    at Object.modifyOneEvent (/Users/nicolascorroyez/Documents/ProjetP/meit/app/model/user.js:571:15)
    at process.processTicksAndRejections (node:internal/process/task_queues:95:5)
    at async modifyOneEvent (/Users/nicolascorroyez/Documents/ProjetP/meit/app/controller/user.js:399:33)
12:54:25.859;Internal error server;Error: Internal error server
    at Object.modifyOneEvent (/Users/nicolascorroyez/Documents/ProjetP/meit/app/model/user.js:571:15)
    at process.processTicksAndRejections (node:internal/process/task_queues:95:5)
    at async modifyOneEvent (/Users/nicolascorroyez/Documents/ProjetP/meit/app/controller/user.js:399:33)
12:57:17.330;Internal error server;Error: Internal error server
    at Object.modifyOneEvent (/Users/nicolascorroyez/Documents/ProjetP/meit/app/model/user.js:571:15)
    at process.processTicksAndRejections (node:internal/process/task_queues:95:5)
    at async modifyOneEvent (/Users/nicolascorroyez/Documents/ProjetP/meit/app/controller/user.js:399:33)
12:58:16.619;Internal error server;Error: Internal error server
    at Object.modifyOneEvent (/Users/nicolascorroyez/Documents/ProjetP/meit/app/model/user.js:571:15)
    at process.processTicksAndRejections (node:internal/process/task_queues:95:5)
    at async modifyOneEvent (/Users/nicolascorroyez/Documents/ProjetP/meit/app/controller/user.js:399:33)
12:59:18.605;Internal error server;Error: Internal error server
    at Object.modifyOneEvent (/Users/nicolascorroyez/Documents/ProjetP/meit/app/model/user.js:571:15)
    at process.processTicksAndRejections (node:internal/process/task_queues:95:5)
    at async modifyOneEvent (/Users/nicolascorroyez/Documents/ProjetP/meit/app/controller/user.js:399:33)
13:00:42.973;Internal error server;Error: Internal error server
    at Object.modifyOneEvent (/Users/nicolascorroyez/Documents/ProjetP/meit/app/model/user.js:571:15)
    at process.processTicksAndRejections (node:internal/process/task_queues:95:5)
    at async modifyOneEvent (/Users/nicolascorroyez/Documents/ProjetP/meit/app/controller/user.js:399:33)
13:02:35.152;Internal error server;Error: Internal error server
    at Object.modifyOneEvent (/Users/nicolascorroyez/Documents/ProjetP/meit/app/model/user.js:571:15)
    at process.processTicksAndRejections (node:internal/process/task_queues:95:5)
    at async modifyOneEvent (/Users/nicolascorroyez/Documents/ProjetP/meit/app/controller/user.js:399:33)
13:09:54.954;Internal error server;Error: Internal error server
    at Object.modifyOneEvent (/Users/nicolascorroyez/Documents/ProjetP/meit/app/model/user.js:571:15)
    at process.processTicksAndRejections (node:internal/process/task_queues:95:5)
    at async modifyOneEvent (/Users/nicolascorroyez/Documents/ProjetP/meit/app/controller/user.js:399:33)
13:48:14.375;Internal error server;Error: Internal error server
    at Object.modifyOneEvent (/Users/nicolascorroyez/Documents/ProjetP/meit/app/model/user.js:571:15)
    at process.processTicksAndRejections (node:internal/process/task_queues:95:5)
    at async modifyOneEvent (/Users/nicolascorroyez/Documents/ProjetP/meit/app/controller/user.js:399:33)
14:00:34.593;Internal error server;Error: Internal error server
    at Object.modifyOneEvent (/Users/nicolascorroyez/Documents/ProjetP/meit/app/model/user.js:571:15)
    at process.processTicksAndRejections (node:internal/process/task_queues:95:5)
    at async modifyOneEvent (/Users/nicolascorroyez/Documents/ProjetP/meit/app/controller/user.js:399:33)
14:02:52.817;Internal error server;Error: Internal error server
    at Object.modifyOneEvent (/Users/nicolascorroyez/Documents/ProjetP/meit/app/model/user.js:571:15)
    at process.processTicksAndRejections (node:internal/process/task_queues:95:5)
    at async modifyOneEvent (/Users/nicolascorroyez/Documents/ProjetP/meit/app/controller/user.js:399:33)
14:06:43.086;Internal error server;Error: Internal error server
    at Object.modifyOneEvent (/Users/nicolascorroyez/Documents/ProjetP/meit/app/model/user.js:571:15)
    at process.processTicksAndRejections (node:internal/process/task_queues:95:5)
    at async modifyOneEvent (/Users/nicolascorroyez/Documents/ProjetP/meit/app/controller/user.js:399:33)
14:08:34.360;Internal error server;Error: Internal error server
    at Object.modifyOneEvent (/Users/nicolascorroyez/Documents/ProjetP/meit/app/model/user.js:571:15)
    at process.processTicksAndRejections (node:internal/process/task_queues:95:5)
    at async modifyOneEvent (/Users/nicolascorroyez/Documents/ProjetP/meit/app/controller/user.js:399:33)
17:32:04.838;Internal error server;Error: Internal error server
    at Object.modifyOneEvent (/Users/nicolascorroyez/Documents/ProjetP/meit/app/model/user.js:571:15)
    at process.processTicksAndRejections (node:internal/process/task_queues:95:5)
    at async modifyOneEvent (/Users/nicolascorroyez/Documents/ProjetP/meit/app/controller/user.js:399:33)
18:00:05.758;Internal error server;Error: Internal error server
    at Object.modifyOneEvent (/Users/nicolascorroyez/Documents/ProjetP/meit/app/model/user.js:571:15)
    at process.processTicksAndRejections (node:internal/process/task_queues:95:5)
    at async modifyOneEvent (/Users/nicolascorroyez/Documents/ProjetP/meit/app/controller/user.js:399:33)
18:02:17.322;Internal error server;Error: Internal error server
    at Object.modifyOneEvent (/Users/nicolascorroyez/Documents/ProjetP/meit/app/model/user.js:578:15)
    at process.processTicksAndRejections (node:internal/process/task_queues:95:5)
    at async modifyOneEvent (/Users/nicolascorroyez/Documents/ProjetP/meit/app/controller/user.js:399:33)
18:03:04.270;Internal error server;Error: Internal error server
    at Object.modifyOneEvent (/Users/nicolascorroyez/Documents/ProjetP/meit/app/model/user.js:578:15)
    at process.processTicksAndRejections (node:internal/process/task_queues:95:5)
    at async modifyOneEvent (/Users/nicolascorroyez/Documents/ProjetP/meit/app/controller/user.js:399:33)
18:03:31.247;Internal error server;Error: Internal error server
    at Object.modifyOneEvent (/Users/nicolascorroyez/Documents/ProjetP/meit/app/model/user.js:579:15)
    at process.processTicksAndRejections (node:internal/process/task_queues:95:5)
    at async modifyOneEvent (/Users/nicolascorroyez/Documents/ProjetP/meit/app/controller/user.js:399:33)
18:09:21.749;Internal error server;Error: Internal error server
    at Object.modifyOneEvent (/Users/nicolascorroyez/Documents/ProjetP/meit/app/model/user.js:579:15)
    at process.processTicksAndRejections (node:internal/process/task_queues:95:5)
    at async modifyOneEvent (/Users/nicolascorroyez/Documents/ProjetP/meit/app/controller/user.js:399:33)
18:09:30.226;Internal error server;Error: Internal error server
    at Object.modifyOneEvent (/Users/nicolascorroyez/Documents/ProjetP/meit/app/model/user.js:579:15)
    at process.processTicksAndRejections (node:internal/process/task_queues:95:5)
    at async modifyOneEvent (/Users/nicolascorroyez/Documents/ProjetP/meit/app/controller/user.js:399:33)
18:17:13.109;Internal error server;Error: Internal error server
    at Object.modifyOneEvent (/Users/nicolascorroyez/Documents/ProjetP/meit/app/model/user.js:579:15)
    at process.processTicksAndRejections (node:internal/process/task_queues:95:5)
    at async modifyOneEvent (/Users/nicolascorroyez/Documents/ProjetP/meit/app/controller/user.js:399:33)
18:20:34.790;Internal error server;Error: Internal error server
    at Object.modifyOneEvent (/Users/nicolascorroyez/Documents/ProjetP/meit/app/model/user.js:579:15)
    at process.processTicksAndRejections (node:internal/process/task_queues:95:5)
    at async modifyOneEvent (/Users/nicolascorroyez/Documents/ProjetP/meit/app/controller/user.js:399:33)
