09:23:40.110;Internal error server;Error: Internal error server
    at Object.modifyOneEvent (/Users/nicolascorroyez/Documents/ProjetP/meit/app/model/user.js:579:15)
    at process.processTicksAndRejections (node:internal/process/task_queues:95:5)
    at async modifyOneEvent (/Users/nicolascorroyez/Documents/ProjetP/meit/app/controller/user.js:399:33)
09:24:07.647;Internal error server;Error: Internal error server
    at Object.modifyOneEvent (/Users/nicolascorroyez/Documents/ProjetP/meit/app/model/user.js:578:15)
    at process.processTicksAndRejections (node:internal/process/task_queues:95:5)
    at async modifyOneEvent (/Users/nicolascorroyez/Documents/ProjetP/meit/app/controller/user.js:399:33)
09:24:56.652;Internal error server;Error: Internal error server
    at Object.modifyOneEvent (/Users/nicolascorroyez/Documents/ProjetP/meit/app/model/user.js:578:15)
    at process.processTicksAndRejections (node:internal/process/task_queues:95:5)
    at async modifyOneEvent (/Users/nicolascorroyez/Documents/ProjetP/meit/app/controller/user.js:399:33)
09:25:17.537;Internal error server;Error: Internal error server
    at Object.modifyOneEvent (/Users/nicolascorroyez/Documents/ProjetP/meit/app/model/user.js:578:15)
    at process.processTicksAndRejections (node:internal/process/task_queues:95:5)
    at async modifyOneEvent (/Users/nicolascorroyez/Documents/ProjetP/meit/app/controller/user.js:399:33)
09:25:57.069;Internal error server;Error: Internal error server
    at Object.modifyOneEvent (/Users/nicolascorroyez/Documents/ProjetP/meit/app/model/user.js:579:15)
    at process.processTicksAndRejections (node:internal/process/task_queues:95:5)
    at async modifyOneEvent (/Users/nicolascorroyez/Documents/ProjetP/meit/app/controller/user.js:399:33)
09:32:06.701;No event found;Error: No event found
    at Object.getOneEvent (/Users/nicolascorroyez/Documents/ProjetP/meit/app/model/user.js:468:17)
    at process.processTicksAndRejections (node:internal/process/task_queues:95:5)
    at async getOneEvent (/Users/nicolascorroyez/Documents/ProjetP/meit/app/controller/user.js:331:31)
09:32:09.671;No event found;Error: No event found
    at Object.getOneEvent (/Users/nicolascorroyez/Documents/ProjetP/meit/app/model/user.js:468:17)
    at process.processTicksAndRejections (node:internal/process/task_queues:95:5)
    at async getOneEvent (/Users/nicolascorroyez/Documents/ProjetP/meit/app/controller/user.js:331:31)
