08:58:03.693;No event found;Error: No event found
    at Object.getOneEvent (/Users/nicolascorroyez/Documents/ProjetP/meit/app/model/event.js:106:17)
    at process.processTicksAndRejections (node:internal/process/task_queues:95:5)
    at async getOneEvent (/Users/nicolascorroyez/Documents/ProjetP/meit/app/controller/event.js:21:31)
09:04:20.312;No friends found;Error: No friends found
    at Object.getAllFriends (/Users/nicolascorroyez/Documents/ProjetP/meit/app/model/friend.js:77:17)
    at process.processTicksAndRejections (node:internal/process/task_queues:95:5)
    at async getAllFriends (/Users/nicolascorroyez/Documents/ProjetP/meit/app/controller/friend.js:20:31)
09:07:16.015;Internal server error;Error: Internal server error
    at Object.addOneFriend (/Users/nicolascorroyez/Documents/ProjetP/meit/app/model/friend.js:133:15)
    at process.processTicksAndRejections (node:internal/process/task_queues:95:5)
    at async addOneFriend (/Users/nicolascorroyez/Documents/ProjetP/meit/app/controller/friend.js:59:31)
09:07:48.531;No prending friends found;Error: No prending friends found
    at Object.getAllPendingFriendship (/Users/nicolascorroyez/Documents/ProjetP/meit/app/model/friend.js:178:17)
    at process.processTicksAndRejections (node:internal/process/task_queues:95:5)
    at async getAllPendingFriendship (/Users/nicolascorroyez/Documents/ProjetP/meit/app/controller/friend.js:101:31)
09:45:44.830;column u.owner does not exist;Error: Internal server error
    at Object.getOneEvent (/Users/nicolascorroyez/Documents/ProjetP/meit/app/model/event.js:111:15)
    at process.processTicksAndRejections (node:internal/process/task_queues:95:5)
    at async getOneEvent (/Users/nicolascorroyez/Documents/ProjetP/meit/app/controller/event.js:21:31)
09:45:54.368;column u.owner does not exist;Error: Internal server error
    at Object.getOneEvent (/Users/nicolascorroyez/Documents/ProjetP/meit/app/model/event.js:111:15)
    at process.processTicksAndRejections (node:internal/process/task_queues:95:5)
    at async getOneEvent (/Users/nicolascorroyez/Documents/ProjetP/meit/app/controller/event.js:21:31)
09:45:59.391;column u.owner does not exist;Error: Internal server error
    at Object.getOneEvent (/Users/nicolascorroyez/Documents/ProjetP/meit/app/model/event.js:111:15)
    at process.processTicksAndRejections (node:internal/process/task_queues:95:5)
    at async getOneEvent (/Users/nicolascorroyez/Documents/ProjetP/meit/app/controller/event.js:21:31)
09:46:50.295;structure of query does not match function result type;Error: Internal server error
    at Object.getOneEvent (/Users/nicolascorroyez/Documents/ProjetP/meit/app/model/event.js:111:15)
    at process.processTicksAndRejections (node:internal/process/task_queues:95:5)
    at async getOneEvent (/Users/nicolascorroyez/Documents/ProjetP/meit/app/controller/event.js:21:31)
09:48:40.189;structure of query does not match function result type;Error: Internal server error
    at Object.getOneEvent (/Users/nicolascorroyez/Documents/ProjetP/meit/app/model/event.js:111:15)
    at process.processTicksAndRejections (node:internal/process/task_queues:95:5)
    at async getOneEvent (/Users/nicolascorroyez/Documents/ProjetP/meit/app/controller/event.js:21:31)
09:58:20.810;function web.get_user_one_event(unknown, unknown) does not exist;Error: Internal server error
    at Object.getOneEvent (/Users/nicolascorroyez/Documents/ProjetP/meit/app/model/event.js:111:15)
    at process.processTicksAndRejections (node:internal/process/task_queues:95:5)
    at async getOneEvent (/Users/nicolascorroyez/Documents/ProjetP/meit/app/controller/event.js:21:31)
09:58:27.272;function web.get_user_one_event(unknown, unknown) does not exist;Error: Internal server error
    at Object.getOneEvent (/Users/nicolascorroyez/Documents/ProjetP/meit/app/model/event.js:111:15)
    at process.processTicksAndRejections (node:internal/process/task_queues:95:5)
    at async getOneEvent (/Users/nicolascorroyez/Documents/ProjetP/meit/app/controller/event.js:21:31)
